<?xml version="1.0" encoding="UTF-8"?>
<!-- Generated by org.testng.reporters.JUnitReportReporter -->
<testsuite hostname="DESKTOP-8BD0QAM" failures="0" tests="8" name="DataParameterisation.Dataparameerisatonuser" time="3.479" errors="0" timestamp="17 Nov 2022 19:45:31 GMT" skipped="0">
  <testcase classname="DataParameterisation.Dataparameerisatonuser" name="createUser" time="0.063"/>
  <testcase classname="DataParameterisation.Dataparameerisatonuser" name="createUser" time="2.879"/>
  <testcase classname="DataParameterisation.Dataparameerisatonuser" name="createUser" time="0.081"/>
  <testcase classname="DataParameterisation.Dataparameerisatonuser" name="createUser" time="0.078"/>
  <testcase classname="DataParameterisation.Dataparameerisatonuser" name="createUser" time="0.095"/>
  <testcase classname="DataParameterisation.Dataparameerisatonuser" name="createUser" time="0.092"/>
  <testcase classname="DataParameterisation.Dataparameerisatonuser" name="createUser" time="0.099"/>
  <testcase classname="DataParameterisation.Dataparameerisatonuser" name="createUser" time="0.092"/>
</testsuite> <!-- DataParameterisation.Dataparameerisatonuser -->
