<?xml version="1.0" encoding="UTF-8"?>
<!-- Generated by org.testng.reporters.JUnitReportReporter -->
<testsuite hostname="DESKTOP-8BD0QAM" failures="0" tests="1" name="testcases.TC003_Add_User" time="0.110" errors="0" timestamp="14 Nov 2022 20:00:58 GMT" skipped="0">
  <testcase classname="testcases.TC003_Add_User" name="adduser" time="0.110"/>
</testsuite> <!-- testcases.TC003_Add_User -->
