<?xml version="1.0" encoding="UTF-8"?>
<!-- Generated by org.testng.reporters.JUnitReportReporter -->
<testsuite hostname="DESKTOP-8BD0QAM" failures="0" tests="1" name="testcases.TC002_Get_Single_user" time="0.092" errors="0" timestamp="14 Nov 2022 20:00:58 GMT" skipped="0">
  <testcase classname="testcases.TC002_Get_Single_user" name="getsingleuser" time="0.092"/>
</testsuite> <!-- testcases.TC002_Get_Single_user -->
