<?xml version="1.0" encoding="UTF-8"?>
<!-- Generated by org.testng.reporters.JUnitReportReporter -->
<testsuite hostname="DESKTOP-8BD0QAM" failures="0" tests="1" name="testcases.TC004_Update_User" time="1.008" errors="0" timestamp="14 Nov 2022 20:00:58 GMT" skipped="0">
  <testcase classname="testcases.TC004_Update_User" name="updateuser" time="1.008"/>
</testsuite> <!-- testcases.TC004_Update_User -->
